# JRE version: OpenJDK Runtime Environment (8.0_242-b01) (build 1.8.0_242-release-1644-b01)
# Java VM: OpenJDK 64-Bit Server VM (25.242-b01 mixed mode windows-amd64 compressed oops)
Heap:
 PSYoungGen      total 189440K, used 134929K [0x000000076b400000, 0x0000000777f00000, 0x00000007c0000000)
  eden space 178688K, 69% used [0x000000076b400000,0x0000000772d4c0b8,0x0000000776280000)
  from space 10752K, 99% used [0x0000000777480000,0x0000000777ef83f8,0x0000000777f00000)
  to   space 10752K, 0% used [0x0000000776a00000,0x0000000776a00000,0x0000000777480000)
 ParOldGen       total 213504K, used 45778K [0x00000006c1c00000, 0x00000006cec80000, 0x000000076b400000)
  object space 213504K, 21% used [0x00000006c1c00000,0x00000006c48b4b18,0x00000006cec80000)
 Metaspace       used 49345K, capacity 50300K, committed 50600K, reserved 1093632K
  class space    used 5932K, capacity 6195K, committed 6320K, reserved 1048576K
GC Heap History (10 events):
Event: 1.000 GC heap before
{Heap before GC invocations=2 (full 0):
 PSYoungGen      total 76288K, used 31067K [0x000000076b400000, 0x0000000774900000, 0x00000007c0000000)
  eden space 65536K, 31% used [0x000000076b400000,0x000000076c7d75d0,0x000000076f400000)
  from space 10752K, 99% used [0x000000076f400000,0x000000076fe7f958,0x000000076fe80000)
  to   space 10752K, 0% used [0x0000000773e80000,0x0000000773e80000,0x0000000774900000)
 ParOldGen       total 175104K, used 4567K [0x00000006c1c00000, 0x00000006cc700000, 0x000000076b400000)
  object space 175104K, 2% used [0x00000006c1c00000,0x00000006c2075df8,0x00000006cc700000)
 Metaspace       used 20793K, capacity 21188K, committed 21296K, reserved 1069056K
  class space    used 2455K, capacity 2594K, committed 2608K, reserved 1048576K
Event: 1.006 GC heap after
Heap after GC invocations=2 (full 0):
 PSYoungGen      total 141824K, used 9854K [0x000000076b400000, 0x0000000774900000, 0x00000007c0000000)
  eden space 131072K, 0% used [0x000000076b400000,0x000000076b400000,0x0000000773400000)
  from space 10752K, 91% used [0x0000000773e80000,0x000000077481f8d8,0x0000000774900000)
  to   space 10752K, 0% used [0x0000000773400000,0x0000000773400000,0x0000000773e80000)
 ParOldGen       total 175104K, used 4639K [0x00000006c1c00000, 0x00000006cc700000, 0x000000076b400000)
  object space 175104K, 2% used [0x00000006c1c00000,0x00000006c2087e08,0x00000006cc700000)
 Metaspace       used 20793K, capacity 21188K, committed 21296K, reserved 1069056K
  class space    used 2455K, capacity 2594K, committed 2608K, reserved 1048576K
}
Event: 1.006 GC heap before
{Heap before GC invocations=3 (full 1):
 PSYoungGen      total 141824K, used 9854K [0x000000076b400000, 0x0000000774900000, 0x00000007c0000000)
  eden space 131072K, 0% used [0x000000076b400000,0x000000076b400000,0x0000000773400000)
  from space 10752K, 91% used [0x0000000773e80000,0x000000077481f8d8,0x0000000774900000)
  to   space 10752K, 0% used [0x0000000773400000,0x0000000773400000,0x0000000773e80000)
 ParOldGen       total 175104K, used 4639K [0x00000006c1c00000, 0x00000006cc700000, 0x000000076b400000)
  object space 175104K, 2% used [0x00000006c1c00000,0x00000006c2087e08,0x00000006cc700000)
 Metaspace       used 20793K, capacity 21188K, committed 21296K, reserved 1069056K
  class space    used 2455K, capacity 2594K, committed 2608K, reserved 1048576K
Event: 1.033 GC heap after
Heap after GC invocations=3 (full 1):
 PSYoungGen      total 141824K, used 0K [0x000000076b400000, 0x0000000774900000, 0x00000007c0000000)
  eden space 131072K, 0% used [0x000000076b400000,0x000000076b400000,0x0000000773400000)
  from space 10752K, 0% used [0x0000000773e80000,0x0000000773e80000,0x0000000774900000)
  to   space 10752K, 0% used [0x0000000773400000,0x0000000773400000,0x0000000773e80000)
 ParOldGen       total 117760K, used 9484K [0x00000006c1c00000, 0x00000006c8f00000, 0x000000076b400000)
  object space 117760K, 8% used [0x00000006c1c00000,0x00000006c25431b0,0x00000006c8f00000)
 Metaspace       used 20793K, capacity 21188K, committed 21296K, reserved 1069056K
  class space    used 2455K, capacity 2594K, committed 2608K, reserved 1048576K
}
Event: 2.145 GC heap before
{Heap before GC invocations=4 (full 1):
 PSYoungGen      total 141824K, used 103581K [0x000000076b400000, 0x0000000774900000, 0x00000007c0000000)
  eden space 131072K, 79% used [0x000000076b400000,0x00000007719276c0,0x0000000773400000)
  from space 10752K, 0% used [0x0000000773e80000,0x0000000773e80000,0x0000000774900000)
  to   space 10752K, 0% used [0x0000000773400000,0x0000000773400000,0x0000000773e80000)
 ParOldGen       total 117760K, used 9484K [0x00000006c1c00000, 0x00000006c8f00000, 0x000000076b400000)
  object space 117760K, 8% used [0x00000006c1c00000,0x00000006c25431b0,0x00000006c8f00000)
 Metaspace       used 34720K, capacity 35230K, committed 35496K, reserved 1081344K
  class space    used 4391K, capacity 4518K, committed 4528K, reserved 1048576K
Event: 2.163 GC heap after
Heap after GC invocations=4 (full 1):
 PSYoungGen      total 141824K, used 10732K [0x000000076b400000, 0x0000000777f00000, 0x00000007c0000000)
  eden space 131072K, 0% used [0x000000076b400000,0x000000076b400000,0x0000000773400000)
  from space 10752K, 99% used [0x0000000773400000,0x0000000773e7b000,0x0000000773e80000)
  to   space 10752K, 0% used [0x0000000777480000,0x0000000777480000,0x0000000777f00000)
 ParOldGen       total 117760K, used 23386K [0x00000006c1c00000, 0x00000006c8f00000, 0x000000076b400000)
  object space 117760K, 19% used [0x00000006c1c00000,0x00000006c32d6b18,0x00000006c8f00000)
 Metaspace       used 34720K, capacity 35230K, committed 35496K, reserved 1081344K
  class space    used 4391K, capacity 4518K, committed 4528K, reserved 1048576K
}
Event: 2.163 GC heap before
{Heap before GC invocations=5 (full 2):
 PSYoungGen      total 141824K, used 10732K [0x000000076b400000, 0x0000000777f00000, 0x00000007c0000000)
  eden space 131072K, 0% used [0x000000076b400000,0x000000076b400000,0x0000000773400000)
  from space 10752K, 99% used [0x0000000773400000,0x0000000773e7b000,0x0000000773e80000)
  to   space 10752K, 0% used [0x0000000777480000,0x0000000777480000,0x0000000777f00000)
 ParOldGen       total 117760K, used 23386K [0x00000006c1c00000, 0x00000006c8f00000, 0x000000076b400000)
  object space 117760K, 19% used [0x00000006c1c00000,0x00000006c32d6b18,0x00000006c8f00000)
 Metaspace       used 34720K, capacity 35230K, committed 35496K, reserved 1081344K
  class space    used 4391K, capacity 4518K, committed 4528K, reserved 1048576K
Event: 2.209 GC heap after
Heap after GC invocations=5 (full 2):
 PSYoungGen      total 141824K, used 0K [0x000000076b400000, 0x0000000777f00000, 0x00000007c0000000)
  eden space 131072K, 0% used [0x000000076b400000,0x000000076b400000,0x0000000773400000)
  from space 10752K, 0% used [0x0000000773400000,0x0000000773400000,0x0000000773e80000)
  to   space 10752K, 0% used [0x0000000777480000,0x0000000777480000,0x0000000777f00000)
 ParOldGen       total 213504K, used 29865K [0x00000006c1c00000, 0x00000006cec80000, 0x000000076b400000)
  object space 213504K, 13% used [0x00000006c1c00000,0x00000006c392a420,0x00000006cec80000)
 Metaspace       used 34720K, capacity 35230K, committed 35496K, reserved 1081344K
  class space    used 4391K, capacity 4518K, committed 4528K, reserved 1048576K
}
Event: 3.812 GC heap before
{Heap before GC invocations=6 (full 2):
 PSYoungGen      total 141824K, used 131072K [0x000000076b400000, 0x0000000777f00000, 0x00000007c0000000)
  eden space 131072K, 100% used [0x000000076b400000,0x0000000773400000,0x0000000773400000)
  from space 10752K, 0% used [0x0000000773400000,0x0000000773400000,0x0000000773e80000)
  to   space 10752K, 0% used [0x0000000777480000,0x0000000777480000,0x0000000777f00000)
 ParOldGen       total 213504K, used 29865K [0x00000006c1c00000, 0x00000006cec80000, 0x000000076b400000)
  object space 213504K, 13% used [0x00000006c1c00000,0x00000006c392a420,0x00000006cec80000)
 Metaspace       used 42644K, capacity 43288K, committed 43560K, reserved 1087488K
  class space    used 5165K, capacity 5325K, committed 5424K, reserved 1048576K
Event: 3.841 GC heap after
Heap after GC invocations=6 (full 2):
 PSYoungGen      total 189440K, used 10720K [0x000000076b400000, 0x0000000777f00000, 0x00000007c0000000)
  eden space 178688K, 0% used [0x000000076b400000,0x000000076b400000,0x0000000776280000)
  from space 10752K, 99% used [0x0000000777480000,0x0000000777ef83f8,0x0000000777f00000)
  to   space 10752K, 0% used [0x0000000776a00000,0x0000000776a00000,0x0000000777480000)
 ParOldGen       total 213504K, used 45778K [0x00000006c1c00000, 0x00000006cec80000, 0x000000076b400000)
  object space 213504K, 21% used [0x00000006c1c00000,0x00000006c48b4b18,0x00000006cec80000)
 Metaspace       used 42644K, capacity 43288K, committed 43560K, reserved 1087488K
  class space    used 5165K, capacity 5325K, committed 5424K, reserved 1048576K
}

